mode: atomic
github.com/detailyang/domaintree-go/wildcard.go:20.42,21.13 1 0
github.com/detailyang/domaintree-go/wildcard.go:31.2,31.18 1 0
github.com/detailyang/domaintree-go/wildcard.go:22.25,23.13 1 0
github.com/detailyang/domaintree-go/wildcard.go:24.25,25.13 1 0
github.com/detailyang/domaintree-go/wildcard.go:26.29,27.13 1 0
github.com/detailyang/domaintree-go/wildcard.go:28.49,29.14 1 0
github.com/detailyang/domaintree-go/wildcard.go:43.45,44.51 1 0
github.com/detailyang/domaintree-go/wildcard.go:48.2,48.59 1 0
github.com/detailyang/domaintree-go/wildcard.go:52.2,52.12 1 0
github.com/detailyang/domaintree-go/wildcard.go:44.51,46.3 1 0
github.com/detailyang/domaintree-go/wildcard.go:48.59,50.3 1 0
github.com/detailyang/domaintree-go/wildcard.go:56.49,56.72 1 0
github.com/detailyang/domaintree-go/wildcard.go:59.53,59.80 1 0
github.com/detailyang/domaintree-go/wildcard.go:62.46,62.63 1 0
github.com/detailyang/domaintree-go/wildcard.go:65.38,66.16 1 0
github.com/detailyang/domaintree-go/wildcard.go:76.2,76.18 1 0
github.com/detailyang/domaintree-go/wildcard.go:67.25,68.25 1 0
github.com/detailyang/domaintree-go/wildcard.go:69.25,70.54 1 0
github.com/detailyang/domaintree-go/wildcard.go:71.29,72.58 1 0
github.com/detailyang/domaintree-go/wildcard.go:73.49,74.75 1 0
github.com/detailyang/domaintree-go/wildcard.go:91.59,96.2 1 34
github.com/detailyang/domaintree-go/wildcard.go:98.49,102.8 3 1
github.com/detailyang/domaintree-go/wildcard.go:102.8,103.14 1 1
github.com/detailyang/domaintree-go/wildcard.go:111.3,111.60 1 1
github.com/detailyang/domaintree-go/wildcard.go:116.3,116.52 1 1
github.com/detailyang/domaintree-go/wildcard.go:120.3,120.34 1 1
github.com/detailyang/domaintree-go/wildcard.go:123.3,123.9 1 1
github.com/detailyang/domaintree-go/wildcard.go:103.14,105.26 2 0
github.com/detailyang/domaintree-go/wildcard.go:108.4,108.10 1 0
github.com/detailyang/domaintree-go/wildcard.go:105.27,107.5 0 0
github.com/detailyang/domaintree-go/wildcard.go:111.60,114.4 2 1
github.com/detailyang/domaintree-go/wildcard.go:116.52,118.4 1 1
github.com/detailyang/domaintree-go/wildcard.go:120.34,122.4 1 0
github.com/detailyang/domaintree-go/wildcard.go:128.45,132.8 3 4
github.com/detailyang/domaintree-go/wildcard.go:132.8,133.14 1 4
github.com/detailyang/domaintree-go/wildcard.go:141.3,141.52 1 1
github.com/detailyang/domaintree-go/wildcard.go:146.3,146.60 1 1
github.com/detailyang/domaintree-go/wildcard.go:150.3,150.34 1 1
github.com/detailyang/domaintree-go/wildcard.go:153.3,153.9 1 1
github.com/detailyang/domaintree-go/wildcard.go:133.14,135.26 2 3
github.com/detailyang/domaintree-go/wildcard.go:138.4,138.10 1 3
github.com/detailyang/domaintree-go/wildcard.go:135.27,137.5 0 1
github.com/detailyang/domaintree-go/wildcard.go:141.52,144.4 2 1
github.com/detailyang/domaintree-go/wildcard.go:146.60,148.4 1 0
github.com/detailyang/domaintree-go/wildcard.go:150.34,152.4 1 1
github.com/detailyang/domaintree-go/wildcard.go:157.79,161.8 3 47
github.com/detailyang/domaintree-go/wildcard.go:177.2,183.14 4 30
github.com/detailyang/domaintree-go/wildcard.go:193.2,193.32 1 12
github.com/detailyang/domaintree-go/wildcard.go:161.8,162.14 1 17
github.com/detailyang/domaintree-go/wildcard.go:167.3,168.35 2 4
github.com/detailyang/domaintree-go/wildcard.go:174.3,174.9 1 4
github.com/detailyang/domaintree-go/wildcard.go:162.14,165.4 2 13
github.com/detailyang/domaintree-go/wildcard.go:168.35,170.4 1 2
github.com/detailyang/domaintree-go/wildcard.go:170.9,170.38 1 2
github.com/detailyang/domaintree-go/wildcard.go:170.38,172.4 1 2
github.com/detailyang/domaintree-go/wildcard.go:183.14,185.35 2 18
github.com/detailyang/domaintree-go/wildcard.go:190.3,190.9 1 18
github.com/detailyang/domaintree-go/wildcard.go:185.35,187.4 1 3
github.com/detailyang/domaintree-go/wildcard.go:187.9,187.38 1 15
github.com/detailyang/domaintree-go/wildcard.go:187.38,189.4 1 15
github.com/detailyang/domaintree-go/wildcard.go:197.35,199.2 1 3
github.com/detailyang/domaintree-go/wildcard.go:201.41,205.2 3 0
github.com/detailyang/domaintree-go/wildcard.go:207.60,208.18 1 0
github.com/detailyang/domaintree-go/wildcard.go:211.2,211.25 1 0
github.com/detailyang/domaintree-go/wildcard.go:208.18,210.3 1 0
github.com/detailyang/domaintree-go/wildcard.go:211.25,213.32 2 0
github.com/detailyang/domaintree-go/wildcard.go:222.3,222.29 1 0
github.com/detailyang/domaintree-go/wildcard.go:213.32,214.25 1 0
github.com/detailyang/domaintree-go/wildcard.go:218.4,218.33 1 0
github.com/detailyang/domaintree-go/wildcard.go:214.25,216.13 2 0
github.com/detailyang/domaintree-go/wildcard.go:218.33,220.5 1 0
github.com/detailyang/domaintree-go/wildcard.go:227.70,229.2 1 0
github.com/detailyang/domaintree-go/wildcard.go:231.85,232.18 1 0
github.com/detailyang/domaintree-go/wildcard.go:235.2,235.25 1 0
github.com/detailyang/domaintree-go/wildcard.go:232.18,234.3 1 0
github.com/detailyang/domaintree-go/wildcard.go:235.25,237.32 2 0
github.com/detailyang/domaintree-go/wildcard.go:256.3,256.28 1 0
github.com/detailyang/domaintree-go/wildcard.go:237.32,238.25 1 0
github.com/detailyang/domaintree-go/wildcard.go:247.4,247.33 1 0
github.com/detailyang/domaintree-go/wildcard.go:238.25,239.27 1 0
github.com/detailyang/domaintree-go/wildcard.go:242.5,242.31 1 0
github.com/detailyang/domaintree-go/wildcard.go:245.5,245.13 1 0
github.com/detailyang/domaintree-go/wildcard.go:239.27,241.6 1 0
github.com/detailyang/domaintree-go/wildcard.go:242.31,244.6 1 0
github.com/detailyang/domaintree-go/wildcard.go:247.33,248.27 1 0
github.com/detailyang/domaintree-go/wildcard.go:251.5,251.31 1 0
github.com/detailyang/domaintree-go/wildcard.go:248.27,250.6 1 0
github.com/detailyang/domaintree-go/wildcard.go:251.31,253.6 1 0
github.com/detailyang/domaintree-go/wildcard.go:261.72,265.9 3 66
github.com/detailyang/domaintree-go/wildcard.go:269.2,269.35 1 52
github.com/detailyang/domaintree-go/wildcard.go:276.2,276.53 1 28
github.com/detailyang/domaintree-go/wildcard.go:289.2,289.61 1 9
github.com/detailyang/domaintree-go/wildcard.go:301.2,301.31 1 1
github.com/detailyang/domaintree-go/wildcard.go:265.9,267.3 1 14
github.com/detailyang/domaintree-go/wildcard.go:269.35,270.15 1 24
github.com/detailyang/domaintree-go/wildcard.go:273.3,273.37 1 24
github.com/detailyang/domaintree-go/wildcard.go:270.15,272.4 1 0
github.com/detailyang/domaintree-go/wildcard.go:276.53,277.15 1 24
github.com/detailyang/domaintree-go/wildcard.go:281.3,282.30 2 14
github.com/detailyang/domaintree-go/wildcard.go:277.15,279.4 1 10
github.com/detailyang/domaintree-go/wildcard.go:282.30,284.4 1 9
github.com/detailyang/domaintree-go/wildcard.go:289.61,290.15 1 8
github.com/detailyang/domaintree-go/wildcard.go:293.3,294.30 2 8
github.com/detailyang/domaintree-go/wildcard.go:298.3,298.37 1 8
github.com/detailyang/domaintree-go/wildcard.go:290.15,292.4 1 0
github.com/detailyang/domaintree-go/wildcard.go:294.30,296.4 1 0
github.com/detailyang/domaintree-go/domaintree.go:12.63,14.2 1 7
github.com/detailyang/domaintree-go/domaintree.go:16.38,18.2 1 7
github.com/detailyang/domaintree-go/domaintree.go:20.45,22.2 1 0
github.com/detailyang/domaintree-go/domaintree.go:30.34,36.2 1 1
github.com/detailyang/domaintree-go/domaintree.go:38.62,45.8 2 7
github.com/detailyang/domaintree-go/domaintree.go:49.2,50.8 2 0
github.com/detailyang/domaintree-go/domaintree.go:54.2,55.8 2 0
github.com/detailyang/domaintree-go/domaintree.go:59.2,59.19 1 0
github.com/detailyang/domaintree-go/domaintree.go:45.8,47.3 1 7
github.com/detailyang/domaintree-go/domaintree.go:50.8,52.3 1 0
github.com/detailyang/domaintree-go/domaintree.go:55.8,57.3 1 0
github.com/detailyang/domaintree-go/domaintree.go:63.69,66.2 2 0
github.com/detailyang/domaintree-go/domaintree.go:69.58,72.16 2 7
github.com/detailyang/domaintree-go/domaintree.go:77.2,78.12 2 6
github.com/detailyang/domaintree-go/domaintree.go:83.2,84.12 2 5
github.com/detailyang/domaintree-go/domaintree.go:90.2,90.30 1 5
github.com/detailyang/domaintree-go/domaintree.go:72.16,75.3 2 1
github.com/detailyang/domaintree-go/domaintree.go:78.12,81.3 2 1
github.com/detailyang/domaintree-go/domaintree.go:84.12,87.3 2 0
github.com/detailyang/domaintree-go/prefix_wildcard.go:10.68,12.12 2 89
github.com/detailyang/domaintree-go/prefix_wildcard.go:15.2,15.20 1 34
github.com/detailyang/domaintree-go/prefix_wildcard.go:12.12,14.3 1 55
github.com/detailyang/domaintree-go/prefix_wildcard.go:18.42,22.2 1 2
github.com/detailyang/domaintree-go/prefix_wildcard.go:24.72,26.20 2 0
github.com/detailyang/domaintree-go/prefix_wildcard.go:26.20,28.3 1 0
github.com/detailyang/domaintree-go/prefix_wildcard.go:31.47,33.2 1 1
github.com/detailyang/domaintree-go/prefix_wildcard.go:35.66,37.29 2 16
github.com/detailyang/domaintree-go/prefix_wildcard.go:44.2,44.20 1 2
github.com/detailyang/domaintree-go/prefix_wildcard.go:48.2,48.19 1 1
github.com/detailyang/domaintree-go/prefix_wildcard.go:37.29,38.31 1 14
github.com/detailyang/domaintree-go/prefix_wildcard.go:41.3,41.32 1 5
github.com/detailyang/domaintree-go/prefix_wildcard.go:38.31,40.4 1 9
github.com/detailyang/domaintree-go/prefix_wildcard.go:44.20,46.3 1 1
github.com/detailyang/domaintree-go/prefix_wildcard.go:51.54,53.2 1 1
github.com/detailyang/domaintree-go/prefix_wildcard.go:56.62,57.16 1 0
github.com/detailyang/domaintree-go/prefix_wildcard.go:62.2,63.17 2 0
github.com/detailyang/domaintree-go/prefix_wildcard.go:68.2,68.28 1 0
github.com/detailyang/domaintree-go/prefix_wildcard.go:57.16,60.3 2 0
github.com/detailyang/domaintree-go/prefix_wildcard.go:63.17,66.3 2 0
github.com/detailyang/domaintree-go/prefix_wildcard.go:72.66,74.2 1 11
github.com/detailyang/domaintree-go/prefix_wildcard.go:77.70,79.12 2 3
github.com/detailyang/domaintree-go/prefix_wildcard.go:84.2,84.24 1 0
github.com/detailyang/domaintree-go/prefix_wildcard.go:79.12,83.3 3 3
github.com/detailyang/domaintree-go/prefix_wildcard.go:88.51,90.12 2 1
github.com/detailyang/domaintree-go/prefix_wildcard.go:93.2,93.24 1 1
github.com/detailyang/domaintree-go/prefix_wildcard.go:90.12,92.3 1 1
github.com/detailyang/domaintree-go/prefix_wildcard.go:96.43,98.2 1 0
github.com/detailyang/domaintree-go/regextree.go:18.32,20.2 1 1
github.com/detailyang/domaintree-go/regextree.go:23.61,24.26 1 0
github.com/detailyang/domaintree-go/regextree.go:29.2,29.19 1 0
github.com/detailyang/domaintree-go/regextree.go:24.26,25.41 1 0
github.com/detailyang/domaintree-go/regextree.go:25.41,27.4 1 0
github.com/detailyang/domaintree-go/regextree.go:33.63,35.26 1 0
github.com/detailyang/domaintree-go/regextree.go:41.2,42.16 2 0
github.com/detailyang/domaintree-go/regextree.go:46.2,52.12 2 0
github.com/detailyang/domaintree-go/regextree.go:35.26,36.29 1 0
github.com/detailyang/domaintree-go/regextree.go:36.29,38.4 1 0
github.com/detailyang/domaintree-go/regextree.go:42.16,44.3 1 0
github.com/detailyang/domaintree-go/suffix_wildcard.go:9.68,11.12 2 29
github.com/detailyang/domaintree-go/suffix_wildcard.go:14.2,14.20 1 9
github.com/detailyang/domaintree-go/suffix_wildcard.go:11.12,13.3 1 20
github.com/detailyang/domaintree-go/suffix_wildcard.go:17.42,21.2 1 2
github.com/detailyang/domaintree-go/suffix_wildcard.go:23.47,25.2 1 0
github.com/detailyang/domaintree-go/suffix_wildcard.go:27.66,29.29 2 4
github.com/detailyang/domaintree-go/suffix_wildcard.go:36.2,36.19 1 0
github.com/detailyang/domaintree-go/suffix_wildcard.go:29.29,30.31 1 4
github.com/detailyang/domaintree-go/suffix_wildcard.go:33.3,33.32 1 3
github.com/detailyang/domaintree-go/suffix_wildcard.go:30.31,32.4 1 1
github.com/detailyang/domaintree-go/suffix_wildcard.go:40.62,42.16 2 0
github.com/detailyang/domaintree-go/suffix_wildcard.go:47.2,47.28 1 0
github.com/detailyang/domaintree-go/suffix_wildcard.go:42.16,45.3 2 0
github.com/detailyang/domaintree-go/suffix_wildcard.go:51.66,53.2 1 6
github.com/detailyang/domaintree-go/suffix_wildcard.go:56.70,58.12 2 2
github.com/detailyang/domaintree-go/suffix_wildcard.go:63.2,63.24 1 0
github.com/detailyang/domaintree-go/suffix_wildcard.go:58.12,62.3 3 2
github.com/detailyang/domaintree-go/suffix_wildcard.go:67.51,69.12 2 0
github.com/detailyang/domaintree-go/suffix_wildcard.go:72.2,72.24 1 0
github.com/detailyang/domaintree-go/suffix_wildcard.go:69.12,71.3 1 0
github.com/detailyang/domaintree-go/suffix_wildcard.go:75.43,77.2 1 0
